This is pdfeTeX, Version 3.141592-1.21a-2.2 (Web2C 7.5.4) (format=pdflatex 2010.7.15)  22 OCT 2010 12:03
entering extended mode
**report.tex
(./report.tex
LaTeX2e <2003/12/01>
Babel <v3.8d> and hyphenation patterns for american, british, french, german, n
german, bahasa, basque, bulgarian, catalan, croatian, czech, danish, dutch, esp
eranto, estonian, finnish, greek, icelandic, irish, italian, latin, magyar, nor
sk, polish, portuges, romanian, russian, serbian, slovak, slovene, spanish, swe
dish, turkish, ukrainian, nohyphenation, loaded.
(/usr/share/texmf/tex/latex/base/article.cls
Document Class: article 2004/02/16 v1.4f Standard LaTeX document class
(/usr/share/texmf/tex/latex/base/size10.clo
File: size10.clo 2004/02/16 v1.4f Standard LaTeX file (size option)
)
\c@part=\count79
\c@section=\count80
\c@subsection=\count81
\c@subsubsection=\count82
\c@paragraph=\count83
\c@subparagraph=\count84
\c@figure=\count85
\c@table=\count86
\abovecaptionskip=\skip41
\belowcaptionskip=\skip42
\bibindent=\dimen102
)
(/usr/share/texmf/tex/latex/preprint/fullpage.sty
Package: fullpage 1999/02/23 1.1 (PWD)
\FP@margin=\skip43
)
(/usr/share/texmf/tex/latex/graphics/graphicx.sty
Package: graphicx 1999/02/16 v1.0f Enhanced LaTeX Graphics (DPC,SPQR)

(/usr/share/texmf/tex/latex/graphics/keyval.sty
Package: keyval 1999/03/16 v1.13 key=value parser (DPC)
\KV@toks@=\toks14
)
(/usr/share/texmf/tex/latex/graphics/graphics.sty
Package: graphics 2001/07/07 v1.0n Standard LaTeX Graphics (DPC,SPQR)

(/usr/share/texmf/tex/latex/graphics/trig.sty
Package: trig 1999/03/16 v1.09 sin cos tan (DPC)
)
(/usr/share/texmf/tex/latex/graphics/graphics.cfg
File: graphics.cfg 2005/02/03 v1.3 graphics configuration of teTeX/TeXLive
)
Package graphics Info: Driver file: pdftex.def on input line 80.

(/usr/share/texmf/tex/latex/graphics/pdftex.def
File: pdftex.def 2002/06/19 v0.03k graphics/color for pdftex
\Gread@gobject=\count87
))
\Gin@req@height=\dimen103
\Gin@req@width=\dimen104
)
(/usr/share/texmf/tex/latex/wrapfig/wrapfig.sty
\wrapoverhang=\dimen105
\WF@size=\dimen106
\c@WF@wrappedlines=\count88
\WF@box=\box26
\WF@everypar=\toks15
Package: wrapfig 2003/01/31  v 3.6
)
(/usr/share/texmf/tex/latex/paralist/paralist.sty
Package: paralist 2002/03/18 v2.3b Extended list environments (BS)
\pltopsep=\skip44
\plpartopsep=\skip45
\plitemsep=\skip46
\plparsep=\skip47
\pl@lab=\toks16
)
(/usr/share/texmf/tex/latex/graphics/color.sty
Package: color 1999/02/16 v1.0i Standard LaTeX Color (DPC)

(/usr/share/texmf/tex/latex/graphics/color.cfg
File: color.cfg 2005/02/03 v1.3 color configuration of teTeX/TeXLive
)
Package color Info: Driver file: pdftex.def on input line 125.
) (./report.aux)
\openout1 = `report.aux'.

LaTeX Font Info:    Checking defaults for OML/cmm/m/it on input line 16.
LaTeX Font Info:    ... okay on input line 16.
LaTeX Font Info:    Checking defaults for T1/cmr/m/n on input line 16.
LaTeX Font Info:    ... okay on input line 16.
LaTeX Font Info:    Checking defaults for OT1/cmr/m/n on input line 16.
LaTeX Font Info:    ... okay on input line 16.
LaTeX Font Info:    Checking defaults for OMS/cmsy/m/n on input line 16.
LaTeX Font Info:    ... okay on input line 16.
LaTeX Font Info:    Checking defaults for OMX/cmex/m/n on input line 16.
LaTeX Font Info:    ... okay on input line 16.
LaTeX Font Info:    Checking defaults for U/cmr/m/n on input line 16.
LaTeX Font Info:    ... okay on input line 16.

(/usr/share/texmf/tex/context/base/supp-pdf.tex
(/usr/share/texmf/tex/context/base/supp-mis.tex
loading : Context Support Macros / Miscellaneous (2004.10.26)
\protectiondepth=\count89
\scratchcounter=\count90
\scratchtoks=\toks17
\scratchdimen=\dimen107
\scratchskip=\skip48
\scratchmuskip=\muskip10
\scratchbox=\box27
\scratchread=\read1
\scratchwrite=\write3
\zeropoint=\dimen108
\onepoint=\dimen109
\onebasepoint=\dimen110
\minusone=\count91
\thousandpoint=\dimen111
\onerealpoint=\dimen112
\emptytoks=\toks18
\nextbox=\box28
\nextdepth=\dimen113
\everyline=\toks19
\!!counta=\count92
\!!countb=\count93
\recursecounter=\count94
)
loading : Context Support Macros / PDF (2004.03.26)
\nofMPsegments=\count95
\nofMParguments=\count96
\MPscratchCnt=\count97
\MPscratchDim=\dimen114
\MPnumerator=\count98
\everyMPtoPDFconversion=\toks20
)
LaTeX Font Info:    External font `cmex10' loaded for size
(Font)              <12> on input line 18.
LaTeX Font Info:    External font `cmex10' loaded for size
(Font)              <8> on input line 18.
LaTeX Font Info:    External font `cmex10' loaded for size
(Font)              <6> on input line 18.
LaTeX Font Info:    External font `cmex10' loaded for size
(Font)              <7> on input line 24.
LaTeX Font Info:    External font `cmex10' loaded for size
(Font)              <5> on input line 24.
 [1

{/usr/share/texmf-var/fonts/map/pdftex/updmap/pdftex.map}]
<charts/YeastPics/Y1.png, id=26, 451.6875pt x 321.2pt>
File: charts/YeastPics/Y1.png Graphic file (type png)

<use charts/YeastPics/Y1.png>
<charts/YeastPics/Y2.png, id=27, 451.6875pt x 321.2pt>
File: charts/YeastPics/Y2.png Graphic file (type png)

<use charts/YeastPics/Y2.png>
Overfull \hbox (2.22221pt too wide) in paragraph at lines 74--80
[][] [] 
 []

<charts/YeastPics/Y3.png, id=28, 451.6875pt x 321.2pt>
File: charts/YeastPics/Y3.png Graphic file (type png)

<use charts/YeastPics/Y3.png>
<charts/YeastPics/Y4.png, id=29, 451.6875pt x 321.2pt>
File: charts/YeastPics/Y4.png Graphic file (type png)

<use charts/YeastPics/Y4.png>
Overfull \hbox (2.22221pt too wide) in paragraph at lines 83--89
[][] [] 
 []

<charts/YeastPics/Y5.png, id=30, 451.6875pt x 321.2pt>
File: charts/YeastPics/Y5.png Graphic file (type png)

<use charts/YeastPics/Y5.png>
Overfull \hbox (28.68326pt too wide) in paragraph at lines 92--113
[][] [] 
 []

[2 <./charts/YeastPics/Y1.png> <./charts/YeastPics/Y2.png> <./charts/YeastPics/
Y3.png> <./charts/YeastPics/Y4.png> <./charts/YeastPics/Y5.png>]
<charts/PimaPics/P1.png, id=34, 451.6875pt x 321.2pt>
File: charts/PimaPics/P1.png Graphic file (type png)

<use charts/PimaPics/P1.png>
<charts/PimaPics/P2.png, id=35, 451.6875pt x 321.2pt>
File: charts/PimaPics/P2.png Graphic file (type png)

<use charts/PimaPics/P2.png>
Overfull \hbox (2.22221pt too wide) in paragraph at lines 119--125
[][] [] 
 []

<charts/PimaPics/P3.png, id=36, 451.6875pt x 321.2pt>
File: charts/PimaPics/P3.png Graphic file (type png)

<use charts/PimaPics/P3.png>
<charts/PimaPics/P4.png, id=37, 451.6875pt x 321.2pt>
File: charts/PimaPics/P4.png Graphic file (type png)

<use charts/PimaPics/P4.png>
Overfull \hbox (2.22221pt too wide) in paragraph at lines 128--134
[][] [] 
 []

<charts/PimaPics/P5.png, id=38, 451.6875pt x 321.2pt>
File: charts/PimaPics/P5.png Graphic file (type png)

<use charts/PimaPics/P5.png>
Overfull \hbox (28.68326pt too wide) in paragraph at lines 136--153
[][] [] 
 []

[3 <./charts/PimaPics/P1.png> <./charts/PimaPics/P2.png> <./charts/PimaPics/P3.
png> <./charts/PimaPics/P4.png> <./charts/PimaPics/P5.png>]
<charts/AuthorsPics/A1.png, id=42, 451.6875pt x 321.2pt>
File: charts/AuthorsPics/A1.png Graphic file (type png)

<use charts/AuthorsPics/A1.png>
<charts/AuthorsPics/A2.png, id=43, 451.6875pt x 321.2pt>
File: charts/AuthorsPics/A2.png Graphic file (type png)

<use charts/AuthorsPics/A2.png>
Overfull \hbox (2.22221pt too wide) in paragraph at lines 160--166
[][] [] 
 []

<charts/AuthorsPics/A3.png, id=44, 451.6875pt x 321.2pt>
File: charts/AuthorsPics/A3.png Graphic file (type png)

<use charts/AuthorsPics/A3.png>
<charts/AuthorsPics/A4.png, id=45, 451.6875pt x 321.2pt>
File: charts/AuthorsPics/A4.png Graphic file (type png)

<use charts/AuthorsPics/A4.png>
Overfull \hbox (2.22221pt too wide) in paragraph at lines 169--175
[][] [] 
 []

<charts/AuthorsPics/A5.png, id=46, 451.6875pt x 321.2pt>
File: charts/AuthorsPics/A5.png Graphic file (type png)

<use charts/AuthorsPics/A5.png>
Overfull \hbox (28.68326pt too wide) in paragraph at lines 178--194
[][] [] 
 []

[4 <./charts/AuthorsPics/A1.png> <./charts/AuthorsPics/A2.png> <./charts/Author
sPics/A3.png> <./charts/AuthorsPics/A4.png> <./charts/AuthorsPics/A5.png>]
<charts/ComCrimePics/CC1.png, id=50, 451.6875pt x 321.2pt>
File: charts/ComCrimePics/CC1.png Graphic file (type png)

<use charts/ComCrimePics/CC1.png>
<charts/ComCrimePics/CC2.png, id=51, 451.6875pt x 321.2pt>
File: charts/ComCrimePics/CC2.png Graphic file (type png)

<use charts/ComCrimePics/CC2.png>
Overfull \hbox (2.22221pt too wide) in paragraph at lines 201--207
[][] [] 
 []

<charts/ComCrimePics/CC3.png, id=52, 451.6875pt x 321.2pt>
File: charts/ComCrimePics/CC3.png Graphic file (type png)

<use charts/ComCrimePics/CC3.png>
<charts/ComCrimePics/CC4.png, id=53, 451.6875pt x 321.2pt>
File: charts/ComCrimePics/CC4.png Graphic file (type png)

<use charts/ComCrimePics/CC4.png>
Overfull \hbox (2.22221pt too wide) in paragraph at lines 210--216
[][] [] 
 []

<charts/ComCrimePics/CC5.png, id=54, 451.6875pt x 321.2pt>
File: charts/ComCrimePics/CC5.png Graphic file (type png)

<use charts/ComCrimePics/CC5.png>
Overfull \hbox (28.68326pt too wide) in paragraph at lines 219--237
[][] [] 
 []

[5 <./charts/ComCrimePics/CC1.png> <./charts/ComCrimePics/CC2.png> <./charts/Co
mCrimePics/CC3.png> <./charts/ComCrimePics/CC4.png> <./charts/ComCrimePics/CC5.
png>] [6] (./report.aux) ) 
Here is how much of TeX's memory you used:
 1261 strings out of 94493
 16711 string characters out of 1176606
 63914 words of memory out of 1000000
 4440 multiletter control sequences out of 10000+50000
 8241 words of font info for 29 fonts, out of 500000 for 2000
 580 hyphenation exceptions out of 1000
 25i,9n,19p,222b,253s stack positions out of 1500i,500n,5000p,200000b,5000s
PDF statistics:
 63 PDF objects out of 300000
 0 named destinations out of 131072
 101 words of extra memory for PDF output out of 65536
</usr/share/texmf/fonts/type1/bluesky/cm/cmti10.pfb><
/usr/share/texmf/fonts/type1/bluesky/cm/cmsy10.pfb></usr/share/texmf/fonts/type
1/bluesky/cm/cmbx10.pfb></usr/share/texmf/fonts/type1/bluesky/cm/cmr7.pfb></usr
/share/texmf/fonts/type1/bluesky/cm/cmr10.pfb></usr/share/texmf/fonts/type1/blu
esky/cm/cmbx12.pfb></usr/share/texmf/fonts/type1/bluesky/cm/cmr12.pfb></usr/sha
re/texmf/fonts/type1/bluesky/cm/cmr17.pfb>
Output written on report.pdf (6 pages, 205227 bytes).
